TN:
SF:/Users/danielvassilev/Git/lisk-js/src/constants.js
FNF:0
FNH:0
DA:9,1
DA:11,1
DA:12,1
DA:13,1
DA:14,1
DA:15,1
DA:16,1
DA:17,1
DA:19,1
LF:9
LH:9
BRF:0
BRH:0
end_of_record
TN:
SF:/Users/danielvassilev/Git/lisk-js/src/api/liskApi.js
FN:53,LiskAPI
FN:59,getDefaultPort
FN:94,getNethash
FN:112,listPeers
FN:114,(anonymous_5)
FN:115,(anonymous_6)
FN:116,(anonymous_7)
FN:126,setNode
FN:136,setTestnet
FN:155,setSSL
FN:163,handleTimestampIsInFutureFailures
FN:167,(anonymous_12)
FN:177,handleSendRequestFailures
FN:180,(anonymous_14)
FN:181,(anonymous_15)
FN:196,optionallyCallCallback
FN:213,sendRequest
FN:220,(anonymous_18)
FN:233,getAddressFromSecret
FN:251,getAccount
FN:252,(anonymous_21)
FN:263,generateAccount
FN:277,listActiveDelegates
FN:278,(anonymous_24)
FN:289,listStandbyDelegates
FN:292,(anonymous_26)
FN:303,searchDelegateByUsername
FN:304,(anonymous_28)
FN:315,listBlocks
FN:316,(anonymous_30)
FN:327,listForgedBlocks
FN:328,(anonymous_32)
FN:339,getBlock
FN:340,(anonymous_34)
FN:353,listTransactions
FN:356,(anonymous_36)
FN:367,getTransaction
FN:368,(anonymous_38)
FN:379,listVotes
FN:380,(anonymous_40)
FN:391,listVoters
FN:392,(anonymous_42)
FN:406,sendLSK
FN:407,(anonymous_44)
FN:417,listMultisignatureTransactions
FN:420,(anonymous_46)
FN:431,getMultisignatureTransaction
FN:434,(anonymous_48)
FN:437,broadcastSignedTransaction
FN:447,(anonymous_50)
FNF:50
FNH:45
FNDA:90,LiskAPI
FNDA:43,getDefaultPort
FNDA:47,getNethash
FNDA:4,listPeers
FNDA:32,(anonymous_5)
FNDA:32,(anonymous_6)
FNDA:4,(anonymous_7)
FNDA:2,setNode
FNDA:3,setTestnet
FNDA:0,setSSL
FNDA:14,handleTimestampIsInFutureFailures
FNDA:5,(anonymous_12)
FNDA:0,handleSendRequestFailures
FNDA:0,(anonymous_14)
FNDA:0,(anonymous_15)
FNDA:14,optionallyCallCallback
FNDA:16,sendRequest
FNDA:14,(anonymous_18)
FNDA:1,getAddressFromSecret
FNDA:1,getAccount
FNDA:1,(anonymous_21)
FNDA:1,generateAccount
FNDA:1,listActiveDelegates
FNDA:1,(anonymous_24)
FNDA:1,listStandbyDelegates
FNDA:1,(anonymous_26)
FNDA:1,searchDelegateByUsername
FNDA:1,(anonymous_28)
FNDA:1,listBlocks
FNDA:1,(anonymous_30)
FNDA:1,listForgedBlocks
FNDA:1,(anonymous_32)
FNDA:1,getBlock
FNDA:1,(anonymous_34)
FNDA:1,listTransactions
FNDA:1,(anonymous_36)
FNDA:1,getTransaction
FNDA:1,(anonymous_38)
FNDA:1,listVotes
FNDA:1,(anonymous_40)
FNDA:1,listVoters
FNDA:1,(anonymous_42)
FNDA:1,sendLSK
FNDA:1,(anonymous_44)
FNDA:1,listMultisignatureTransactions
FNDA:1,(anonymous_46)
FNDA:1,getMultisignatureTransaction
FNDA:1,(anonymous_48)
FNDA:1,broadcastSignedTransaction
FNDA:0,(anonymous_50)
DA:42,1
DA:43,1
DA:44,1
DA:45,1
DA:47,1
DA:50,1
DA:51,1
DA:53,90
DA:54,90
DA:55,45
DA:58,45
DA:59,45
DA:60,43
DA:61,41
DA:62,41
DA:65,45
DA:67,45
DA:69,45
DA:71,45
DA:72,45
DA:78,45
DA:79,45
DA:80,45
DA:81,45
DA:82,45
DA:85,45
DA:94,1
DA:95,47
DA:99,47
DA:100,1
DA:101,1
DA:104,47
DA:112,1
DA:113,4
DA:114,32
DA:115,32
DA:116,4
DA:126,1
DA:127,2
DA:128,2
DA:136,1
DA:137,3
DA:138,2
DA:139,2
DA:140,2
DA:141,2
DA:143,1
DA:144,1
DA:145,1
DA:146,1
DA:155,1
DA:156,0
DA:157,0
DA:158,0
DA:159,0
DA:164,14
DA:165,7
DA:167,7
DA:168,5
DA:170,7
DA:172,7
DA:174,7
DA:178,0
DA:179,0
DA:180,0
DA:181,0
DA:182,0
DA:183,0
DA:184,0
DA:189,0
DA:197,14
DA:198,3
DA:200,14
DA:213,1
DA:215,48
DA:216,16
DA:217,16
DA:219,14
DA:220,14
DA:233,1
DA:234,1
DA:235,1
DA:237,1
DA:251,1
DA:252,1
DA:263,1
DA:264,1
DA:265,1
DA:266,1
DA:277,1
DA:278,1
DA:289,1
DA:290,1
DA:292,1
DA:303,1
DA:304,1
DA:315,1
DA:316,1
DA:327,1
DA:328,1
DA:339,1
DA:340,1
DA:353,1
DA:355,2
DA:356,1
DA:367,1
DA:368,1
DA:379,1
DA:380,1
DA:391,1
DA:392,1
DA:406,1
DA:407,1
DA:417,1
DA:420,1
DA:431,1
DA:434,1
DA:437,1
DA:440,1
DA:447,1
DA:450,1
LF:121
LH:109
BRDA:53,0,0,50
BRDA:53,0,1,40
BRDA:53,1,0,90
BRDA:53,1,1,50
BRDA:54,2,0,45
BRDA:54,2,1,45
BRDA:60,3,0,2
BRDA:60,3,1,41
BRDA:61,4,0,0
BRDA:61,4,1,41
BRDA:65,5,0,45
BRDA:65,5,1,45
BRDA:69,6,0,45
BRDA:69,6,1,45
BRDA:78,7,0,45
BRDA:78,7,1,0
BRDA:81,8,0,45
BRDA:81,8,1,45
BRDA:83,9,0,2
BRDA:83,9,1,43
BRDA:82,10,0,45
BRDA:82,10,1,45
BRDA:96,11,0,5
BRDA:96,11,1,42
BRDA:99,12,0,1
BRDA:99,12,1,46
BRDA:127,13,0,2
BRDA:127,13,1,1
BRDA:137,14,0,2
BRDA:137,14,1,1
BRDA:156,15,0,0
BRDA:156,15,1,0
BRDA:164,16,0,7
BRDA:164,16,1,7
BRDA:164,17,0,14
BRDA:164,17,1,10
BRDA:164,17,2,8
BRDA:164,17,3,8
BRDA:170,18,0,7
BRDA:170,18,1,2
BRDA:179,19,0,0
BRDA:179,19,1,0
BRDA:197,20,0,3
BRDA:197,20,1,11
BRDA:197,21,0,14
BRDA:197,21,1,12
BRDA:215,22,0,16
BRDA:215,22,1,0
BRDA:215,23,0,16
BRDA:215,23,1,16
BRDA:216,24,0,16
BRDA:216,24,1,13
BRDA:217,25,0,12
BRDA:217,25,1,4
BRDA:217,26,0,16
BRDA:217,26,1,14
BRDA:355,27,0,1
BRDA:355,27,1,0
BRDA:355,28,0,1
BRDA:355,28,1,1
BRDA:355,29,0,1
BRDA:355,29,1,0
BRDA:355,30,0,1
BRDA:355,30,1,1
BRF:64
BRH:55
end_of_record
TN:
SF:/Users/danielvassilev/Git/lisk-js/src/api/privateApi.js
FN:12,netHashOptions
FN:41,getURLPrefix
FN:54,getFullUrl
FN:70,getRandomPeer
FN:84,selectNode
FN:96,(anonymous_10)
FN:110,banNode
FN:121,checkReDial
FN:162,checkOptions
FN:164,(anonymous_14)
FN:180,serialiseHttpData
FN:200,createRequestObject
FN:224,sendRequestPromise
FNF:13
FNH:13
FNDA:52,netHashOptions
FNDA:14,getURLPrefix
FNDA:12,getFullUrl
FNDA:50,getRandomPeer
FNDA:51,selectNode
FNDA:350,(anonymous_10)
FNDA:1,banNode
FNDA:9,checkReDial
FNDA:12,checkOptions
FNDA:14,(anonymous_14)
FNDA:6,serialiseHttpData
FNDA:9,createRequestObject
FNDA:5,sendRequestPromise
DA:1,1
DA:2,1
DA:4,1
DA:13,52
DA:42,14
DA:43,2
DA:45,12
DA:55,12
DA:57,12
DA:58,11
DA:61,12
DA:71,50
DA:72,50
DA:74,50
DA:75,50
DA:84,51
DA:85,51
DA:87,51
DA:88,2
DA:91,51
DA:92,49
DA:93,49
DA:94,49
DA:96,49
DA:97,350
DA:98,0
DA:102,51
DA:111,1
DA:112,1
DA:122,9
DA:123,9
DA:125,9
DA:128,9
DA:130,8
DA:132,3
DA:133,1
DA:134,1
DA:136,2
DA:137,1
DA:138,1
DA:141,1
DA:146,5
DA:150,1
DA:153,9
DA:163,12
DA:164,42
DA:165,14
DA:166,2
DA:170,10
DA:181,6
DA:183,6
DA:184,6
DA:185,6
DA:187,6
DA:201,9
DA:202,9
DA:206,9
DA:225,5
DA:227,5
DA:230,1
LF:60
LH:59
BRDA:42,0,0,2
BRDA:42,0,1,12
BRDA:57,1,0,11
BRDA:57,1,1,1
BRDA:71,2,0,0
BRDA:71,2,1,50
BRDA:72,3,0,6
BRDA:72,3,1,44
BRDA:87,4,0,2
BRDA:87,4,1,49
BRDA:91,5,0,49
BRDA:91,5,1,2
BRDA:93,6,0,0
BRDA:93,6,1,49
BRDA:94,7,0,6
BRDA:94,7,1,43
BRDA:97,8,0,350
BRDA:97,8,1,0
BRDA:111,9,0,1
BRDA:111,9,1,0
BRDA:122,10,0,1
BRDA:122,10,1,8
BRDA:123,11,0,1
BRDA:123,11,1,8
BRDA:128,12,0,8
BRDA:128,12,1,1
BRDA:130,13,0,3
BRDA:130,13,1,5
BRDA:132,14,0,1
BRDA:132,14,1,2
BRDA:136,15,0,1
BRDA:136,15,1,1
BRDA:165,16,0,2
BRDA:165,16,1,12
BRDA:165,17,0,14
BRDA:165,17,1,13
BRDA:201,18,0,9
BRDA:201,18,1,3
BRDA:203,19,0,5
BRDA:203,19,1,4
BRDA:210,20,0,5
BRDA:210,20,1,4
BRF:42
BRH:38
end_of_record
TN:
SF:/Users/danielvassilev/Git/lisk-js/src/api/utils.js
FN:8,trimObj
FN:16,trim
FN:25,(anonymous_9)
FN:1,toQueryString
FN:41,(anonymous_11)
FN:1,extend
FN:60,(anonymous_13)
FNF:7
FNH:7
FNDA:12,trimObj
FNDA:24,trim
FNDA:12,(anonymous_9)
FNDA:7,toQueryString
FNDA:12,(anonymous_11)
FNDA:46,extend
FNDA:18,(anonymous_13)
DA:1,1
DA:9,12
DA:10,12
DA:11,4
DA:16,24
DA:22,8
DA:25,36
DA:26,12
DA:27,12
DA:28,12
DA:40,7
DA:41,48
DA:46,7
DA:59,46
DA:60,46
DA:61,46
LF:16
LH:16
BRDA:10,0,0,4
BRDA:10,0,1,8
BRDA:10,1,0,12
BRDA:10,1,1,12
BRDA:10,2,0,0
BRDA:10,2,1,12
BRDA:12,3,0,4
BRDA:12,3,1,0
BRDA:18,4,0,20
BRDA:18,4,1,4
BRDA:23,5,0,0
BRDA:23,5,1,8
BRF:12
BRH:9
end_of_record
TN:
SF:/Users/danielvassilev/Git/lisk-js/src/time/slots.js
FN:23,beginEpochTime
FN:33,getEpochTime
FN:65,getTime
FN:75,getTimeWithOffset
FN:89,getRealTime
FN:102,getSlotNumber
FN:113,getSlotTime
FN:122,getNextSlot
FN:133,getLastSlot
FNF:9
FNH:9
FNDA:71,beginEpochTime
FNDA:69,getEpochTime
FNDA:69,getTime
FNDA:63,getTimeWithOffset
FNDA:2,getRealTime
FNDA:3,getSlotNumber
FNDA:1,getSlotTime
FNDA:2,getNextSlot
FNDA:1,getLastSlot
DA:24,71
DA:34,69
DA:35,69
DA:36,69
DA:37,69
DA:56,1
DA:57,1
DA:66,69
DA:76,63
DA:77,63
DA:80,63
DA:90,2
DA:91,2
DA:92,2
DA:93,2
DA:103,3
DA:104,3
DA:114,1
DA:123,2
DA:125,2
DA:134,1
DA:137,1
LF:22
LH:22
BRDA:34,0,0,69
BRDA:34,0,1,5
BRDA:78,1,0,2
BRDA:78,1,1,61
BRDA:90,2,0,2
BRDA:90,2,1,1
BRDA:103,3,0,3
BRDA:103,3,1,2
BRF:8
BRH:8
end_of_record
TN:
SF:/Users/danielvassilev/Git/lisk-js/src/transactions/crypto.js
FN:33,getTransactionBytes
FN:39,isSendTransaction
FN:51,isSignatureTransaction
FN:74,isDelegateTransaction
FN:86,isVoteTransaction
FN:100,isMultisignatureTransaction
FN:127,isDappTransaction
FN:167,isDappInTransferTransaction
FN:181,isDappOutTransferTransaction
FN:220,createTransactionBuffer
FN:221,assignHexToTransactionBytes
FN:235,createEmptyTransactionBuffer
FN:248,(anonymous_13)
FN:261,assignTransactionBuffer
FN:339,getBytes
FN:350,getId
FN:368,getHash
FN:380,getFee
FN:392,sign
FN:406,secondSign
FN:420,multiSign
FN:435,verify
FN:467,verifySecondSignature
FN:491,getKeys
FN:508,getAddress
FNF:25
FNH:25
FNDA:360,getTransactionBytes
FNDA:38,isSendTransaction
FNDA:10,isSignatureTransaction
FNDA:62,isDelegateTransaction
FNDA:60,isVoteTransaction
FNDA:11,isMultisignatureTransaction
FNDA:69,isDappTransaction
FNDA:50,isDappInTransferTransaction
FNDA:60,isDappOutTransferTransaction
FNDA:360,createTransactionBuffer
FNDA:645,assignHexToTransactionBytes
FNDA:360,createEmptyTransactionBuffer
FNDA:2880,(anonymous_13)
FNDA:360,assignTransactionBuffer
FNDA:360,getBytes
FNDA:144,getId
FNDA:187,getHash
FNDA:5,getFee
FNDA:143,sign
FNDA:43,secondSign
FNDA:1,multiSign
FNDA:15,verify
FNDA:11,verifySecondSignature
FNDA:196,getKeys
FNDA:2,getAddress
DA:21,1
DA:22,1
DA:23,1
DA:24,1
DA:25,1
DA:40,38
DA:52,10
DA:53,10
DA:54,10
DA:56,10
DA:57,320
DA:60,10
DA:61,10
DA:63,10
DA:75,62
DA:87,60
DA:89,60
DA:101,11
DA:102,11
DA:103,11
DA:105,11
DA:106,11
DA:107,11
DA:108,11
DA:109,388
DA:111,11
DA:113,11
DA:114,11
DA:116,11
DA:128,69
DA:129,69
DA:131,69
DA:132,69
DA:133,69
DA:136,69
DA:137,69
DA:138,69
DA:141,69
DA:142,69
DA:145,69
DA:146,69
DA:149,69
DA:150,69
DA:151,69
DA:152,69
DA:154,69
DA:156,69
DA:168,50
DA:170,50
DA:182,60
DA:183,60
DA:184,60
DA:186,60
DA:199,360
DA:210,360
DA:222,645
DA:223,645
DA:224,29385
DA:226,645
DA:236,360
DA:247,360
DA:248,2880
DA:250,360
DA:262,360
DA:263,360
DA:265,360
DA:267,360
DA:268,9
DA:271,360
DA:272,158
DA:273,158
DA:275,158
DA:276,1264
DA:279,202
DA:280,1616
DA:283,360
DA:285,360
DA:286,9
DA:287,9
DA:288,36
DA:292,360
DA:293,322
DA:294,20254
DA:298,360
DA:299,359
DA:300,216
DA:303,359
DA:304,60
DA:308,360
DA:309,360
DA:310,360
DA:312,360
DA:313,57235
DA:316,360
DA:320,360
DA:321,360
DA:322,360
DA:324,360
DA:325,360
DA:329,360
DA:340,360
DA:351,144
DA:352,144
DA:353,144
DA:354,1152
DA:357,144
DA:358,144
DA:369,187
DA:370,187
DA:381,5
DA:393,143
DA:394,143
DA:395,143
DA:407,43
DA:408,43
DA:409,43
DA:421,1
DA:422,1
DA:423,1
DA:425,1
DA:436,15
DA:438,15
DA:439,5
DA:442,15
DA:443,15
DA:445,15
DA:446,1395
DA:449,15
DA:451,15
DA:452,15
DA:453,15
DA:456,15
DA:468,11
DA:469,11
DA:471,11
DA:472,1871
DA:475,11
DA:477,11
DA:478,11
DA:479,11
DA:481,11
DA:492,196
DA:493,196
DA:495,196
DA:509,2
DA:510,2
DA:512,2
DA:513,16
DA:516,2
DA:517,2
DA:520,1
LF:151
LH:151
BRDA:87,0,0,60
BRDA:87,0,1,0
BRDA:91,1,0,60
BRDA:91,1,1,0
BRDA:131,2,0,69
BRDA:131,2,1,0
BRDA:136,3,0,69
BRDA:136,3,1,0
BRDA:141,4,0,69
BRDA:141,4,1,0
BRDA:145,5,0,69
BRDA:145,5,1,0
BRDA:267,6,0,9
BRDA:267,6,1,351
BRDA:271,7,0,158
BRDA:271,7,1,202
BRDA:276,8,0,1264
BRDA:276,8,1,365
BRDA:285,9,0,9
BRDA:285,9,1,351
BRDA:292,10,0,322
BRDA:292,10,1,38
BRDA:298,11,0,359
BRDA:298,11,1,1
BRDA:299,12,0,216
BRDA:299,12,1,143
BRDA:303,13,0,60
BRDA:303,13,1,299
BRDA:438,14,0,5
BRDA:438,14,1,10
BRF:30
BRH:24
end_of_record
TN:
SF:/Users/danielvassilev/Git/lisk-js/src/transactions/dapp.js
FN:34,createDapp
FNF:1
FNH:1
FNDA:30,createDapp
DA:19,1
DA:20,1
DA:21,1
DA:22,1
DA:35,30
DA:37,30
DA:57,30
DA:60,1
LF:8
LH:8
BRF:0
BRH:0
end_of_record
TN:
SF:/Users/danielvassilev/Git/lisk-js/src/transactions/delegate.js
FN:34,createDelegate
FNF:1
FNH:1
FNDA:20,createDelegate
DA:19,1
DA:20,1
DA:21,1
DA:22,1
DA:35,20
DA:37,20
DA:52,20
DA:55,1
LF:8
LH:8
BRF:0
BRH:0
end_of_record
TN:
SF:/Users/danielvassilev/Git/lisk-js/src/transactions/multisignature.js
FN:37,createTransaction
FN:65,signTransaction
FN:84,createMultisignature
FNF:3
FNH:3
FNDA:4,createTransaction
FNDA:1,signTransaction
FNDA:4,createMultisignature
DA:20,1
DA:21,1
DA:22,1
DA:23,1
DA:40,4
DA:42,4
DA:54,4
DA:66,1
DA:67,1
DA:69,1
DA:85,4
DA:86,4
DA:88,4
DA:104,4
DA:107,1
LF:15
LH:15
BRDA:48,0,0,4
BRDA:48,0,1,3
BRF:2
BRH:2
end_of_record
TN:
SF:/Users/danielvassilev/Git/lisk-js/src/transactions/signature.js
FN:31,newSignature
FN:45,createSignature
FNF:2
FNH:2
FNDA:5,newSignature
FNDA:5,createSignature
DA:19,1
DA:20,1
DA:21,1
DA:22,1
DA:31,5
DA:32,5
DA:33,5
DA:46,5
DA:48,5
DA:49,5
DA:61,5
DA:64,1
LF:12
LH:12
BRF:0
BRH:0
end_of_record
TN:
SF:/Users/danielvassilev/Git/lisk-js/src/transactions/transaction.js
FN:36,createTransaction
FNF:1
FNH:1
FNDA:8,createTransaction
DA:19,1
DA:20,1
DA:21,1
DA:22,1
DA:37,8
DA:38,8
DA:39,8
DA:49,8
DA:50,4
DA:51,3
DA:54,7
DA:57,1
LF:12
LH:12
BRDA:38,0,0,4
BRDA:38,0,1,4
BRDA:49,1,0,4
BRDA:49,1,1,4
BRDA:49,2,0,8
BRDA:49,2,1,4
BRDA:50,3,0,1
BRDA:50,3,1,3
BRF:8
BRH:8
end_of_record
TN:
SF:/Users/danielvassilev/Git/lisk-js/src/transactions/transfer.js
FN:36,createInTransfer
FN:69,createOutTransfer
FNF:2
FNH:2
FNDA:21,createInTransfer
FNDA:26,createOutTransfer
DA:20,1
DA:21,1
DA:22,1
DA:23,1
DA:37,21
DA:39,21
DA:53,21
DA:72,26
DA:74,26
DA:89,26
DA:92,1
LF:11
LH:11
BRF:0
BRH:0
end_of_record
TN:
SF:/Users/danielvassilev/Git/lisk-js/src/transactions/utils.js
FN:3,secondSignTransaction
FN:10,prepareTransaction
FNF:2
FNH:2
FNDA:43,secondSignTransaction
FNDA:143,prepareTransaction
DA:1,1
DA:3,1
DA:4,43
DA:5,43
DA:10,1
DA:11,143
DA:15,143
DA:19,143
DA:23,143
DA:26,1
LF:10
LH:10
BRDA:16,0,0,43
BRDA:16,0,1,100
BRDA:15,1,0,143
BRDA:15,1,1,48
BRF:4
BRH:4
end_of_record
TN:
SF:/Users/danielvassilev/Git/lisk-js/src/transactions/vote.js
FN:34,createVote
FNF:1
FNH:1
FNDA:26,createVote
DA:19,1
DA:20,1
DA:21,1
DA:22,1
DA:35,26
DA:37,26
DA:49,26
DA:52,1
LF:8
LH:8
BRF:0
BRH:0
end_of_record
TN:
SF:/Users/danielvassilev/Git/lisk-js/src/transactions/crypto/convert.js
FN:18,bufferToHex
FN:22,hexToBuffer
FN:27,useFirstEightBufferEntriesReversed
FN:33,toAddress
FNF:4
FNH:1
FNDA:2,bufferToHex
FNDA:0,hexToBuffer
FNDA:0,useFirstEightBufferEntriesReversed
FNDA:0,toAddress
DA:15,1
DA:16,1
DA:19,2
DA:23,0
DA:28,0
DA:34,0
DA:37,1
LF:7
LH:4
BRF:0
BRH:0
end_of_record
TN:
SF:/Users/danielvassilev/Git/lisk-js/src/transactions/crypto/hash.js
FN:17,getSha256Hash
FNF:1
FNH:1
FNDA:1,getSha256Hash
DA:18,1
DA:22,1
DA:25,1
LF:3
LH:3
BRDA:19,0,0,1
BRDA:19,0,1,0
BRDA:18,1,0,1
BRDA:18,1,1,1
BRF:4
BRH:3
end_of_record
TN:
SF:/Users/danielvassilev/Git/lisk-js/src/transactions/crypto/index.js
FNF:0
FNH:0
DA:1,1
DA:2,1
DA:3,1
DA:4,1
DA:6,1
LF:5
LH:5
BRF:0
BRH:0
end_of_record
TN:
SF:/Users/danielvassilev/Git/lisk-js/src/transactions/crypto/keys.js
FN:20,getPrivateAndPublicKeyFromSecret
FN:30,getRawPrivateAndPublicKeyFromSecret
FN:40,getAddressFromPublicKey
FNF:3
FNH:1
FNDA:1,getPrivateAndPublicKeyFromSecret
FNDA:0,getRawPrivateAndPublicKeyFromSecret
FNDA:0,getAddressFromPublicKey
DA:15,1
DA:16,1
DA:17,1
DA:18,1
DA:21,1
DA:22,1
DA:24,1
DA:31,0
DA:32,0
DA:34,0
DA:41,0
DA:43,0
DA:44,0
DA:46,0
DA:49,1
LF:15
LH:8
BRF:0
BRH:0
end_of_record
TN:
SF:/Users/danielvassilev/Git/lisk-js/src/transactions/crypto/sign.js
FN:29,signMessageWithTwoSecrets
FN:43,verifyMessageWithTwoPublicKeys
FN:73,signAndPrintMessage
FN:97,printSignedMessage
FN:118,verifyMessageWithPublicKey
FN:136,convertPublicKeyEd2Curve
FN:140,convertPrivateKeyEd2Curve
FN:144,encryptMessageWithSecret
FN:164,decryptMessageWithSecret
FNF:9
FNH:0
FNDA:0,signMessageWithTwoSecrets
FNDA:0,verifyMessageWithTwoPublicKeys
FNDA:0,signAndPrintMessage
FNDA:0,printSignedMessage
FNDA:0,verifyMessageWithPublicKey
FNDA:0,convertPublicKeyEd2Curve
FNDA:0,convertPrivateKeyEd2Curve
FNDA:0,encryptMessageWithSecret
FNDA:0,decryptMessageWithSecret
DA:15,1
DA:16,1
DA:17,1
DA:20,0
DA:21,0
DA:23,0
DA:24,0
DA:26,0
DA:30,0
DA:31,0
DA:32,0
DA:34,0
DA:35,0
DA:38,0
DA:40,0
DA:44,0
DA:45,0
DA:46,0
DA:48,0
DA:49,0
DA:52,0
DA:53,0
DA:57,0
DA:59,0
DA:60,0
DA:62,0
DA:64,0
DA:66,0
DA:68,0
DA:74,0
DA:75,0
DA:76,0
DA:77,0
DA:78,0
DA:79,0
DA:80,0
DA:81,0
DA:83,0
DA:94,0
DA:98,0
DA:99,0
DA:100,0
DA:101,0
DA:102,0
DA:104,0
DA:115,0
DA:119,0
DA:120,0
DA:122,0
DA:123,0
DA:127,0
DA:129,0
DA:131,0
DA:133,0
DA:137,0
DA:141,0
DA:145,0
DA:146,0
DA:147,0
DA:148,0
DA:149,0
DA:151,0
DA:152,0
DA:155,0
DA:156,0
DA:158,0
DA:165,0
DA:166,0
DA:167,0
DA:168,0
DA:169,0
DA:170,0
DA:172,0
DA:175,0
DA:178,1
LF:75
LH:4
BRDA:48,0,0,0
BRDA:48,0,1,0
BRDA:52,1,0,0
BRDA:52,1,1,0
BRDA:59,2,0,0
BRDA:59,2,1,0
BRDA:62,3,0,0
BRDA:62,3,1,0
BRDA:122,4,0,0
BRDA:122,4,1,0
BRDA:129,5,0,0
BRDA:129,5,1,0
BRF:12
BRH:0
end_of_record
TN:
SF:/Users/danielvassilev/Git/lisk-js/src/utils/mnemonic.js
FN:42,entropyToSha256
FN:52,entropyChecksum
FN:72,generate
FN:75,(anonymous_4)
FN:81,(anonymous_5)
FN:96,isValid
FN:98,(anonymous_7)
FN:102,(anonymous_8)
FN:110,(anonymous_9)
FNF:9
FNH:9
FNDA:4,entropyToSha256
FNDA:4,entropyChecksum
FNDA:3,generate
FNDA:48,(anonymous_4)
FNDA:36,(anonymous_5)
FNDA:3,isValid
FNDA:13,(anonymous_7)
FNDA:12,(anonymous_8)
FNDA:16,(anonymous_9)
DA:30,1
DA:31,1
DA:32,1
DA:33,1
DA:43,4
DA:53,4
DA:54,4
DA:55,4
DA:56,4
DA:58,4
DA:59,7
DA:61,4
DA:62,4
DA:73,3
DA:74,3
DA:75,48
DA:77,3
DA:78,3
DA:79,3
DA:82,36
DA:83,36
DA:84,36
DA:86,3
DA:97,3
DA:98,13
DA:99,2
DA:101,1
DA:102,12
DA:105,1
DA:106,1
DA:107,1
DA:108,1
DA:111,16
DA:112,16
DA:114,1
DA:115,1
DA:118,1
LF:37
LH:37
BRDA:98,0,0,2
BRDA:98,0,1,1
BRDA:98,1,0,3
BRDA:98,1,1,2
BRF:4
BRH:4
end_of_record
TN:
SF:/Users/danielvassilev/Git/lisk-js/src/utils/words.js
FNF:0
FNH:0
DA:1,1
LF:1
LH:1
BRF:0
BRH:0
end_of_record
